<?xml version="1.0" encoding="UTF-8"?>
<coverage generated="1625768896956" clover="3.2.0">
  <project timestamp="1625768896957" name="All files">
    <metrics statements="23" coveredstatements="18" conditionals="4" coveredconditionals="3" methods="7" coveredmethods="4" elements="34" coveredelements="25" complexity="0" loc="23" ncloc="23" packages="3" files="4" classes="4"/>
    <package name="img">
      <metrics statements="1" coveredstatements="1" conditionals="0" coveredconditionals="0" methods="0" coveredmethods="0"/>
      <file name="icons.svg" path="/Users/alexandergovea/Desktop/_PRIVATE_PROJECTS/mvc-pattern-with-es6/src/img/icons.svg">
        <metrics statements="1" coveredstatements="1" conditionals="0" coveredconditionals="0" methods="0" coveredmethods="0"/>
        <line num="1" count="1" type="stmt"/>
      </file>
    </package>
    <package name="js.__fixtures__">
      <metrics statements="4" coveredstatements="4" conditionals="0" coveredconditionals="0" methods="0" coveredmethods="0"/>
      <file name="formattedRecipe.js" path="/Users/alexandergovea/Desktop/_PRIVATE_PROJECTS/mvc-pattern-with-es6/src/js/__fixtures__/formattedRecipe.js">
        <metrics statements="2" coveredstatements="2" conditionals="0" coveredconditionals="0" methods="0" coveredmethods="0"/>
        <line num="1" count="1" type="stmt"/>
        <line num="91" count="1" type="stmt"/>
      </file>
      <file name="recipes.js" path="/Users/alexandergovea/Desktop/_PRIVATE_PROJECTS/mvc-pattern-with-es6/src/js/__fixtures__/recipes.js">
        <metrics statements="2" coveredstatements="2" conditionals="0" coveredconditionals="0" methods="0" coveredmethods="0"/>
        <line num="2" count="1" type="stmt"/>
        <line num="19" count="1" type="stmt"/>
      </file>
    </package>
    <package name="js.views">
      <metrics statements="18" coveredstatements="13" conditionals="4" coveredconditionals="3" methods="7" coveredmethods="4"/>
      <file name="recipeView1.js" path="/Users/alexandergovea/Desktop/_PRIVATE_PROJECTS/mvc-pattern-with-es6/src/js/views/recipeView1.js">
        <metrics statements="18" coveredstatements="13" conditionals="4" coveredconditionals="3" methods="7" coveredmethods="4"/>
        <line num="7" count="2" type="stmt"/>
        <line num="8" count="2" type="cond" truecount="1" falsecount="1"/>
        <line num="9" count="0" type="stmt"/>
        <line num="11" count="2" type="stmt"/>
        <line num="18" count="2" type="stmt"/>
        <line num="22" count="1" type="stmt"/>
        <line num="26" count="1" type="stmt"/>
        <line num="27" count="1" type="stmt"/>
        <line num="31" count="1" type="stmt"/>
        <line num="32" count="1" type="stmt"/>
        <line num="33" count="1" type="stmt"/>
        <line num="37" count="0" type="stmt"/>
        <line num="44" count="0" type="stmt"/>
        <line num="48" count="0" type="stmt"/>
        <line num="49" count="0" type="stmt"/>
        <line num="55" count="1" type="stmt"/>
        <line num="123" count="3" type="stmt"/>
        <line num="139" count="1" type="stmt"/>
      </file>
    </package>
  </project>
</coverage>
