{"/Users/alexandergovea/Desktop/_PRIVATE_PROJECTS/mvc-pattern-with-es6/src/img/icons.svg": {"path":"/Users/alexandergovea/Desktop/_PRIVATE_PROJECTS/mvc-pattern-with-es6/src/img/icons.svg","statementMap":{"0":{"start":{"line":1,"column":0},"end":{"line":1,"column":19}}},"fnMap":{},"branchMap":{},"s":{"0":1},"f":{},"b":{},"_coverageSchema":"1a1c01bbd47fc00a2c39e90264f33305004495a9","hash":"a8ce321e736dde66cd107c4bc4599d4c4c6ec85a"}
,"/Users/alexandergovea/Desktop/_PRIVATE_PROJECTS/mvc-pattern-with-es6/src/js/__fixtures__/formattedRecipe.js": {"path":"/Users/alexandergovea/Desktop/_PRIVATE_PROJECTS/mvc-pattern-with-es6/src/js/__fixtures__/formattedRecipe.js","statementMap":{"0":{"start":{"line":1,"column":33},"end":{"line":89,"column":7}},"1":{"start":{"line":91,"column":56},"end":{"line":259,"column":7}}},"fnMap":{},"branchMap":{},"s":{"0":1,"1":1},"f":{},"b":{},"_coverageSchema":"1a1c01bbd47fc00a2c39e90264f33305004495a9","hash":"d8483a93fb031ddc9ff58b7ff449fc28000660da"}
,"/Users/alexandergovea/Desktop/_PRIVATE_PROJECTS/mvc-pattern-with-es6/src/js/__fixtures__/recipes.js": {"path":"/Users/alexandergovea/Desktop/_PRIVATE_PROJECTS/mvc-pattern-with-es6/src/js/__fixtures__/recipes.js","statementMap":{"0":{"start":{"line":2,"column":24},"end":{"line":17,"column":3}},"1":{"start":{"line":19,"column":49},"end":{"line":55,"column":3}}},"fnMap":{},"branchMap":{},"s":{"0":1,"1":1},"f":{},"b":{},"_coverageSchema":"1a1c01bbd47fc00a2c39e90264f33305004495a9","hash":"63a77068bd35fe95545044c35a14f56996aeb429"}
,"/Users/alexandergovea/Desktop/_PRIVATE_PROJECTS/mvc-pattern-with-es6/src/js/views/recipeView1.js": {"path":"/Users/alexandergovea/Desktop/_PRIVATE_PROJECTS/mvc-pattern-with-es6/src/js/views/recipeView1.js","statementMap":{"0":{"start":{"line":7,"column":15},"end":{"line":7,"column":48}},"1":{"start":{"line":8,"column":2},"end":{"line":10,"column":3}},"2":{"start":{"line":9,"column":4},"end":{"line":9,"column":19}},"3":{"start":{"line":11,"column":2},"end":{"line":11,"column":16}},"4":{"start":{"line":18,"column":19},"end":{"line":18,"column":52}},"5":{"start":{"line":22,"column":4},"end":{"line":22,"column":39}},"6":{"start":{"line":26,"column":4},"end":{"line":26,"column":18}},"7":{"start":{"line":27,"column":4},"end":{"line":27,"column":65}},"8":{"start":{"line":31,"column":4},"end":{"line":31,"column":22}},"9":{"start":{"line":32,"column":19},"end":{"line":32,"column":41}},"10":{"start":{"line":33,"column":4},"end":{"line":33,"column":24}},"11":{"start":{"line":37,"column":19},"end":{"line":43,"column":5}},"12":{"start":{"line":44,"column":4},"end":{"line":44,"column":24}},"13":{"start":{"line":48,"column":4},"end":{"line":50,"column":6}},"14":{"start":{"line":49,"column":6},"end":{"line":49,"column":42}},"15":{"start":{"line":55,"column":4},"end":{"line":119,"column":10}},"16":{"start":{"line":123,"column":4},"end":{"line":135,"column":13}},"17":{"start":{"line":139,"column":26},"end":{"line":139,"column":42}}},"fnMap":{"0":{"name":"fixFractions","decl":{"start":{"line":6,"column":16},"end":{"line":6,"column":28}},"loc":{"start":{"line":6,"column":39},"end":{"line":12,"column":1}},"line":6},"1":{"name":"(anonymous_1)","decl":{"start":{"line":25,"column":2},"end":{"line":25,"column":3}},"loc":{"start":{"line":25,"column":17},"end":{"line":28,"column":3}},"line":25},"2":{"name":"(anonymous_2)","decl":{"start":{"line":30,"column":2},"end":{"line":30,"column":3}},"loc":{"start":{"line":30,"column":21},"end":{"line":34,"column":3}},"line":30},"3":{"name":"(anonymous_3)","decl":{"start":{"line":36,"column":2},"end":{"line":36,"column":3}},"loc":{"start":{"line":36,"column":18},"end":{"line":45,"column":3}},"line":36},"4":{"name":"(anonymous_4)","decl":{"start":{"line":47,"column":2},"end":{"line":47,"column":3}},"loc":{"start":{"line":47,"column":28},"end":{"line":51,"column":3}},"line":47},"5":{"name":"(anonymous_5)","decl":{"start":{"line":48,"column":37},"end":{"line":48,"column":38}},"loc":{"start":{"line":49,"column":6},"end":{"line":49,"column":42}},"line":49},"6":{"name":"(anonymous_6)","decl":{"start":{"line":122,"column":2},"end":{"line":122,"column":3}},"loc":{"start":{"line":122,"column":32},"end":{"line":136,"column":3}},"line":122}},"branchMap":{"0":{"loc":{"start":{"line":8,"column":2},"end":{"line":10,"column":3}},"type":"if","locations":[{"start":{"line":8,"column":2},"end":{"line":10,"column":3}},{"start":{"line":8,"column":2},"end":{"line":10,"column":3}}],"line":8},"1":{"loc":{"start":{"line":129,"column":10},"end":{"line":129,"column":56}},"type":"cond-expr","locations":[{"start":{"line":129,"column":25},"end":{"line":129,"column":51}},{"start":{"line":129,"column":54},"end":{"line":129,"column":56}}],"line":129}},"s":{"0":2,"1":2,"2":0,"3":2,"4":2,"5":1,"6":1,"7":1,"8":1,"9":1,"10":1,"11":0,"12":0,"13":0,"14":0,"15":1,"16":3,"17":1},"f":{"0":2,"1":1,"2":1,"3":0,"4":0,"5":0,"6":3},"b":{"0":[0,2],"1":[2,1]},"_coverageSchema":"1a1c01bbd47fc00a2c39e90264f33305004495a9","hash":"bd34b2a20976c8b149a2becc9996a3c38f2d0095"}
}
