TN:
SF:src/img/icons.svg
FNF:0
FNH:0
DA:1,1
LF:1
LH:1
BRF:0
BRH:0
end_of_record
TN:
SF:src/js/__fixtures__/formattedRecipe.js
FNF:0
FNH:0
DA:1,1
DA:91,1
LF:2
LH:2
BRF:0
BRH:0
end_of_record
TN:
SF:src/js/__fixtures__/recipes.js
FNF:0
FNH:0
DA:2,1
DA:19,1
LF:2
LH:2
BRF:0
BRH:0
end_of_record
TN:
SF:src/js/views/recipeView1.js
FN:6,fixFractions
FN:25,(anonymous_1)
FN:30,(anonymous_2)
FN:36,(anonymous_3)
FN:47,(anonymous_4)
FN:48,(anonymous_5)
FN:122,(anonymous_6)
FNF:7
FNH:4
FNDA:2,fixFractions
FNDA:1,(anonymous_1)
FNDA:1,(anonymous_2)
FNDA:0,(anonymous_3)
FNDA:0,(anonymous_4)
FNDA:0,(anonymous_5)
FNDA:3,(anonymous_6)
DA:7,2
DA:8,2
DA:9,0
DA:11,2
DA:18,2
DA:22,1
DA:26,1
DA:27,1
DA:31,1
DA:32,1
DA:33,1
DA:37,0
DA:44,0
DA:48,0
DA:49,0
DA:55,1
DA:123,3
DA:139,1
LF:18
LH:13
BRDA:8,0,0,0
BRDA:8,0,1,2
BRDA:129,1,0,2
BRDA:129,1,1,1
BRF:4
BRH:3
end_of_record
